{"name": "test_get_error", "status": "failed", "statusDetails": {"message": "AssertionError: assert False", "trace": "browser = <selenium.webdriver.chrome.webdriver.WebDriver (session=\"66e4acbbe8c24edd9f00bbe4e87918bf\")>\n\n    @allure.feature('Fail test')\n    @allure.story('Existence')\n    def test_get_error(browser):\n        main_page = BasePage(browser)\n        main_page.open()\n>       assert False\nE       assert False\n\ntests\\test_first_scenario.py:12: AssertionError"}, "steps": [{"name": "Open page: https://saby.ru/", "status": "passed", "start": 1750602486550, "stop": 1750602492824}], "attachments": [{"name": "Screenshot on failure", "source": "2e0e45a1-75f3-46ca-a15e-5480c76d9b99-attachment.png", "type": "image/png"}], "start": 1750602486549, "stop": 1750602492824, "uuid": "eed35364-aff0-41d1-adc9-da6b217ba29b", "historyId": "22dfb66f240faba869d9b3567e973a6b", "testCaseId": "22dfb66f240faba869d9b3567e973a6b", "fullName": "tests.test_first_scenario#test_get_error", "labels": [{"name": "feature", "value": "Fail test"}, {"name": "story", "value": "Existence"}, {"name": "parentSuite", "value": "tests"}, {"name": "suite", "value": "test_first_scenario"}, {"name": "host", "value": "DESKTOP-KHTU12F"}, {"name": "thread", "value": "3356-MainThread"}, {"name": "framework", "value": "pytest"}, {"name": "language", "value": "cpython3"}, {"name": "package", "value": "tests.test_first_scenario"}]}